0 info it worked if it ends with ok
1 verbose cli [ '/Users/Udo/.nvm/versions/node/v6.10.3/bin/node',
1 verbose cli   '/Users/Udo/.nvm/versions/node/v6.10.3/bin/npm',
1 verbose cli   'start' ]
2 info using npm@3.10.10
3 info using node@v6.10.3
4 verbose run-script [ 'prestart', 'start', 'poststart' ]
5 info lifecycle daily-study@1.0.0~prestart: daily-study@1.0.0
6 silly lifecycle daily-study@1.0.0~prestart: no script for prestart, continuing
7 info lifecycle daily-study@1.0.0~start: daily-study@1.0.0
8 verbose lifecycle daily-study@1.0.0~start: unsafe-perm in lifecycle true
9 verbose lifecycle daily-study@1.0.0~start: PATH: /Users/Udo/.nvm/versions/node/v6.10.3/lib/node_modules/npm/bin/node-gyp-bin:/Users/Udo/Code/daily-study/node_modules/.bin:/Users/Udo/.rvm/gems/ruby-2.3.1/bin:/Users/Udo/.rvm/gems/ruby-2.3.1@global/bin:/Users/Udo/.rvm/rubies/ruby-2.3.1/bin:/Users/Udo/.nvm/versions/node/v6.10.3/bin:/usr/local/bin:/usr/bin:/bin:/usr/sbin:/sbin:/Users/Udo/.rvm/gems/ruby-2.1.6/bin:/Users/Udo/.rvm/gems/ruby-2.1.6@global/bin:/Users/Udo/.rvm/rubies/ruby-2.1.6/bin:/usr/local/sbin:/Users/Udo/.rvm/bin:/Users/Udo/.rvm/bin:/Users/Udo/.rvm/bin
10 verbose lifecycle daily-study@1.0.0~start: CWD: /Users/Udo/Code/daily-study
11 silly lifecycle daily-study@1.0.0~start: Args: [ '-c', 'python -m SimpleHTTPServer' ]
12 silly lifecycle daily-study@1.0.0~start: Returned: code: 1  signal: null
13 info lifecycle daily-study@1.0.0~start: Failed to exec start script
14 verbose stack Error: daily-study@1.0.0 start: `python -m SimpleHTTPServer`
14 verbose stack Exit status 1
14 verbose stack     at EventEmitter.<anonymous> (/Users/Udo/.nvm/versions/node/v6.10.3/lib/node_modules/npm/lib/utils/lifecycle.js:255:16)
14 verbose stack     at emitTwo (events.js:106:13)
14 verbose stack     at EventEmitter.emit (events.js:191:7)
14 verbose stack     at ChildProcess.<anonymous> (/Users/Udo/.nvm/versions/node/v6.10.3/lib/node_modules/npm/lib/utils/spawn.js:40:14)
14 verbose stack     at emitTwo (events.js:106:13)
14 verbose stack     at ChildProcess.emit (events.js:191:7)
14 verbose stack     at maybeClose (internal/child_process.js:886:16)
14 verbose stack     at Process.ChildProcess._handle.onexit (internal/child_process.js:226:5)
15 verbose pkgid daily-study@1.0.0
16 verbose cwd /Users/Udo/Code/daily-study
17 error Darwin 16.6.0
18 error argv "/Users/Udo/.nvm/versions/node/v6.10.3/bin/node" "/Users/Udo/.nvm/versions/node/v6.10.3/bin/npm" "start"
19 error node v6.10.3
20 error npm  v3.10.10
21 error code ELIFECYCLE
22 error daily-study@1.0.0 start: `python -m SimpleHTTPServer`
22 error Exit status 1
23 error Failed at the daily-study@1.0.0 start script 'python -m SimpleHTTPServer'.
23 error Make sure you have the latest version of node.js and npm installed.
23 error If you do, this is most likely a problem with the daily-study package,
23 error not with npm itself.
23 error Tell the author that this fails on your system:
23 error     python -m SimpleHTTPServer
23 error You can get information on how to open an issue for this project with:
23 error     npm bugs daily-study
23 error Or if that isn't available, you can get their info via:
23 error     npm owner ls daily-study
23 error There is likely additional logging output above.
24 verbose exit [ 1, true ]
